<?xml version="1.0" encoding="UTF-8"?>
<!-- Generated by org.testng.reporters.JUnitReportReporter -->
<testsuite hostname="sojib-HP" name="Tests.NewAccountTest" tests="1" failures="0" timestamp="28 Aug 2015 01:45:48 GMT" time="2.301" errors="0">
  <testcase name="AddingNewAccount" time="2.301" classname="Tests.NewAccountTest"/>
</testsuite> <!-- Tests.NewAccountTest -->
