<?xml version="1.0" encoding="UTF-8"?>
<!-- Generated by org.testng.reporters.JUnitReportReporter -->
<testsuite hostname="sojib-HP" name="Tests.CustRegTest" tests="1" failures="0" timestamp="20 Aug 2015 11:39:47 GMT" time="5.611" errors="0">
  <testcase name="CustomerReg" time="5.611" classname="Tests.CustRegTest"/>
</testsuite> <!-- Tests.CustRegTest -->
