<?xml version="1.0" encoding="UTF-8"?>
<!-- Generated by org.testng.reporters.JUnitReportReporter -->
<testsuite hostname="sojib-HP" name="Base.TestBase" tests="1" failures="0" timestamp="12 Jul 2015 06:12:40 GMT" time="1.369" errors="0">
  <testcase name="testLogIn" time="1.369" classname="Base.TestBase"/>
</testsuite> <!-- Base.TestBase -->
