<?xml version="1.0" encoding="UTF-8"?>
<!-- Generated by org.testng.reporters.JUnitReportReporter -->
<testsuite hostname="sojib-HP" name="Tests.MiniStateMentTest" tests="1" failures="0" timestamp="20 Aug 2015 11:42:22 GMT" time="3.071" errors="0">
  <testcase name="GettingMiniStateMent" time="3.071" classname="Tests.MiniStateMentTest"/>
</testsuite> <!-- Tests.MiniStateMentTest -->
