<?xml version="1.0" encoding="UTF-8"?>
<!-- Generated by org.testng.reporters.JUnitReportReporter -->
<testsuite hostname="sojib-HP" name="Tests.LogINTest" tests="5" failures="0" timestamp="28 Aug 2015 01:45:48 GMT" time="7.790" errors="0">
  <testcase name="testLoginInvalidUsernamePassword" time="2.298" classname="Tests.LogINTest"/>
  <testcase name="testLoginEmptyUsernamePassword" time="1.277" classname="Tests.LogINTest"/>
  <testcase name="testLoginBlankUsernamePassword" time="1.831" classname="Tests.LogINTest"/>
  <testcase name="testClickGenerateAccess" time="0.901" classname="Tests.LogINTest"/>
  <testcase name="testValidLogin" time="1.483" classname="Tests.LogINTest"/>
</testsuite> <!-- Tests.LogINTest -->
