<?xml version="1.0" encoding="UTF-8"?>
<!-- Generated by org.testng.reporters.JUnitReportReporter -->
<testsuite hostname="sojib-HP" name="Tests.DepositFieldTest" tests="1" failures="0" timestamp="20 Aug 2015 11:44:25 GMT" time="3.040" errors="0">
  <testcase name="DepoField" time="3.040" classname="Tests.DepositFieldTest"/>
</testsuite> <!-- Tests.DepositFieldTest -->
