<?xml version="1.0" encoding="UTF-8"?>
<!-- Generated by org.testng.reporters.JUnitReportReporter -->
<testsuite hostname="sojib-HP" name="Tests.CustomizeStatementTest" tests="1" failures="0" timestamp="23 Aug 2015 16:04:18 GMT" time="3.312" errors="0">
  <testcase name="CustomizedStaTest" time="3.312" classname="Tests.CustomizeStatementTest"/>
</testsuite> <!-- Tests.CustomizeStatementTest -->
